<?xml version="1.0" encoding="UTF-8"?>
<testng-results ignored="0" total="2" passed="2" failed="0" skipped="0">
  <reporter-output>
  </reporter-output>
  <suite started-at="2023-02-08T14:06:41 IST" name="Suite" finished-at="2023-02-08T14:07:30 IST" duration-ms="48946">
    <groups>
    </groups>
    <test started-at="2023-02-08T14:06:41 IST" name="TestChrome" finished-at="2023-02-08T14:07:02 IST" duration-ms="20913">
      <class name="GoogleTest">
        <test-method is-config="true" signature="setup(java.lang.String)[pri:0, instance:GoogleTest@618425b5]" started-at="2023-02-08T14:06:41 IST" name="setup" finished-at="2023-02-08T14:06:56 IST" duration-ms="14876" status="PASS">
          <params>
            <param index="0">
              <value>
                <![CDATA[chrome]]>
              </value>
            </param>
          </params>
          <reporter-output>
          </reporter-output>
        </test-method> <!-- setup -->
        <test-method signature="login()[pri:0, instance:GoogleTest@618425b5]" started-at="2023-02-08T14:06:56 IST" name="login" finished-at="2023-02-08T14:06:59 IST" duration-ms="3571" status="PASS">
          <reporter-output>
          </reporter-output>
        </test-method> <!-- login -->
        <test-method is-config="true" signature="teardown()[pri:0, instance:GoogleTest@618425b5]" started-at="2023-02-08T14:06:59 IST" name="teardown" finished-at="2023-02-08T14:07:02 IST" duration-ms="2432" status="PASS">
          <reporter-output>
          </reporter-output>
        </test-method> <!-- teardown -->
      </class> <!-- GoogleTest -->
    </test> <!-- TestChrome -->
    <test started-at="2023-02-08T14:07:02 IST" name="TestFirefox" finished-at="2023-02-08T14:07:30 IST" duration-ms="28011">
      <class name="GoogleTest">
        <test-method is-config="true" signature="setup(java.lang.String)[pri:0, instance:GoogleTest@25641d39]" started-at="2023-02-08T14:07:02 IST" name="setup" finished-at="2023-02-08T14:07:22 IST" duration-ms="20704" status="PASS">
          <params>
            <param index="0">
              <value>
                <![CDATA[firefox]]>
              </value>
            </param>
          </params>
          <reporter-output>
          </reporter-output>
        </test-method> <!-- setup -->
        <test-method signature="login()[pri:0, instance:GoogleTest@25641d39]" started-at="2023-02-08T14:07:22 IST" name="login" finished-at="2023-02-08T14:07:28 IST" duration-ms="5577" status="PASS">
          <reporter-output>
          </reporter-output>
        </test-method> <!-- login -->
        <test-method is-config="true" signature="teardown()[pri:0, instance:GoogleTest@25641d39]" started-at="2023-02-08T14:07:28 IST" name="teardown" finished-at="2023-02-08T14:07:30 IST" duration-ms="1728" status="PASS">
          <reporter-output>
          </reporter-output>
        </test-method> <!-- teardown -->
      </class> <!-- GoogleTest -->
    </test> <!-- TestFirefox -->
  </suite> <!-- Suite -->
</testng-results>
